2026-01-02 12:01:09,292 - INFO - 
======================================================================
2026-01-02 12:01:09,292 - INFO - era5 vs conus404 dataset comparison
2026-01-02 12:01:09,292 - INFO - ======================================================================

2026-01-02 12:01:09,292 - INFO - 
======================================================================
2026-01-02 12:01:09,292 - INFO - processing year 1980
2026-01-02 12:01:09,292 - INFO - ======================================================================
2026-01-02 12:01:10,604 - INFO - loaded era5: ../../../sduan/pipeline/data/processed/era5_1980.nc
2026-01-02 12:01:10,604 - INFO - loaded conus404: ../../final_data/conus404_yearly_1980.nc
2026-01-02 12:01:10,605 - INFO - processing: 2m Temperature (t2m vs T2)
2026-01-02 12:01:10,605 - INFO -   loading seasonal data...
2026-01-02 12:01:27,577 - INFO -   computing yearly means...
2026-01-02 12:01:37,535 - INFO -   generating seasonal box plots...
2026-01-02 12:01:38,911 - INFO -     saved: comparison_plots/1980/t2m/t2m_seasonal_boxplots.png
2026-01-02 12:01:38,911 - INFO -   generating q-q plot...
2026-01-02 12:01:40,036 - INFO -     saved: comparison_plots/1980/t2m/t2m_qq_plot.png
2026-01-02 12:01:40,039 - INFO -   generating yearly timeseries...
2026-01-02 12:01:42,548 - INFO -     saved: comparison_plots/1980/t2m/t2m_yearly_timeseries.png
2026-01-02 12:01:42,548 - INFO -   generating side-by-side heatmaps...
2026-01-02 12:01:47,675 - INFO -     saved: comparison_plots/1980/t2m/t2m_heatmap_comparison.png
2026-01-02 12:01:47,676 - INFO - completed processing for t2m
2026-01-02 12:01:47,676 - INFO - processing: 2m Dewpoint (d2m vs TD2)
2026-01-02 12:01:47,676 - INFO -   loading seasonal data...
2026-01-02 12:02:36,526 - INFO -   computing yearly means...
2026-01-02 12:02:46,523 - INFO -   generating seasonal box plots...
2026-01-02 12:02:47,668 - INFO -     saved: comparison_plots/1980/d2m/d2m_seasonal_boxplots.png
2026-01-02 12:02:47,668 - INFO -   generating q-q plot...
2026-01-02 12:02:48,718 - INFO -     saved: comparison_plots/1980/d2m/d2m_qq_plot.png
2026-01-02 12:02:48,720 - INFO -   generating yearly timeseries...
2026-01-02 12:02:51,356 - INFO -     saved: comparison_plots/1980/d2m/d2m_yearly_timeseries.png
2026-01-02 12:02:51,356 - INFO -   generating side-by-side heatmaps...
2026-01-02 12:02:53,960 - INFO -     saved: comparison_plots/1980/d2m/d2m_heatmap_comparison.png
2026-01-02 12:02:53,960 - INFO - completed processing for d2m
2026-01-02 12:02:53,960 - INFO - processing: Surface Pressure (sp vs PSFC)
2026-01-02 12:02:53,961 - INFO -   loading seasonal data...
2026-01-02 12:03:43,658 - INFO -   computing yearly means...
2026-01-02 12:03:54,192 - INFO -   generating seasonal box plots...
2026-01-02 12:03:55,937 - INFO -     saved: comparison_plots/1980/sp/sp_seasonal_boxplots.png
2026-01-02 12:03:55,937 - INFO -   generating q-q plot...
2026-01-02 12:03:57,034 - INFO -     saved: comparison_plots/1980/sp/sp_qq_plot.png
2026-01-02 12:03:57,036 - INFO -   generating yearly timeseries...
2026-01-02 12:03:59,589 - INFO -     saved: comparison_plots/1980/sp/sp_yearly_timeseries.png
2026-01-02 12:03:59,589 - INFO -   generating side-by-side heatmaps...
2026-01-02 12:04:02,216 - INFO -     saved: comparison_plots/1980/sp/sp_heatmap_comparison.png
2026-01-02 12:04:02,216 - INFO - completed processing for sp
2026-01-02 12:04:02,216 - INFO - processing: 10m U-Wind (u10 vs U10)
2026-01-02 12:04:02,217 - INFO -   loading seasonal data...
2026-01-02 12:04:40,251 - INFO -   computing yearly means...
2026-01-02 12:04:50,137 - INFO -   generating seasonal box plots...
2026-01-02 12:04:52,667 - INFO -     saved: comparison_plots/1980/u10/u10_seasonal_boxplots.png
2026-01-02 12:04:52,667 - INFO -   generating q-q plot...
2026-01-02 12:04:53,841 - INFO -     saved: comparison_plots/1980/u10/u10_qq_plot.png
2026-01-02 12:04:53,841 - INFO -   generating yearly timeseries...
2026-01-02 12:04:56,368 - INFO -     saved: comparison_plots/1980/u10/u10_yearly_timeseries.png
2026-01-02 12:04:56,369 - INFO -   generating side-by-side heatmaps...
2026-01-02 12:04:58,938 - INFO -     saved: comparison_plots/1980/u10/u10_heatmap_comparison.png
2026-01-02 12:04:58,938 - INFO - completed processing for u10
2026-01-02 12:04:58,938 - INFO - processing: 10m V-Wind (v10 vs V10)
2026-01-02 12:04:58,939 - INFO -   loading seasonal data...
2026-01-02 12:05:30,274 - INFO -   computing yearly means...
2026-01-02 12:05:40,136 - INFO -   generating seasonal box plots...
2026-01-02 12:05:42,707 - INFO -     saved: comparison_plots/1980/v10/v10_seasonal_boxplots.png
2026-01-02 12:05:42,707 - INFO -   generating q-q plot...
2026-01-02 12:05:43,800 - INFO -     saved: comparison_plots/1980/v10/v10_qq_plot.png
2026-01-02 12:05:43,800 - INFO -   generating yearly timeseries...
2026-01-02 12:05:46,325 - INFO -     saved: comparison_plots/1980/v10/v10_yearly_timeseries.png
2026-01-02 12:05:46,325 - INFO -   generating side-by-side heatmaps...
2026-01-02 12:05:48,894 - INFO -     saved: comparison_plots/1980/v10/v10_heatmap_comparison.png
2026-01-02 12:05:48,894 - INFO - completed processing for v10
2026-01-02 12:05:48,894 - INFO - processing: Leaf Area Index (lai vs LAI)
2026-01-02 12:05:48,895 - INFO -   loading seasonal data...
2026-01-02 12:06:22,376 - INFO -   computing yearly means...
2026-01-02 12:06:31,976 - INFO -   generating seasonal box plots...
2026-01-02 12:06:33,697 - INFO -     saved: comparison_plots/1980/lai/lai_seasonal_boxplots.png
2026-01-02 12:06:33,698 - INFO -   generating q-q plot...
2026-01-02 12:06:34,730 - INFO -     saved: comparison_plots/1980/lai/lai_qq_plot.png
2026-01-02 12:06:34,733 - INFO -   generating yearly timeseries...
2026-01-02 12:06:37,320 - INFO -     saved: comparison_plots/1980/lai/lai_yearly_timeseries.png
2026-01-02 12:06:37,320 - INFO -   generating side-by-side heatmaps...
2026-01-02 12:06:39,989 - INFO -     saved: comparison_plots/1980/lai/lai_heatmap_comparison.png
2026-01-02 12:06:39,989 - INFO - completed processing for lai
2026-01-02 12:06:39,989 - INFO - processing: Precipitation (tp vs ACRAINLSM)
2026-01-02 12:06:39,990 - INFO -   loading seasonal data...
2026-01-02 12:07:18,236 - INFO -   computing yearly means...
2026-01-02 12:07:27,394 - INFO -   generating seasonal box plots...
2026-01-02 12:07:29,117 - INFO -     saved: comparison_plots/1980/tp/tp_seasonal_boxplots.png
2026-01-02 12:07:29,117 - INFO -   generating q-q plot...
2026-01-02 12:07:30,264 - INFO -     saved: comparison_plots/1980/tp/tp_qq_plot.png
2026-01-02 12:07:30,264 - INFO -   generating yearly timeseries...
2026-01-02 12:07:32,823 - INFO -     saved: comparison_plots/1980/tp/tp_yearly_timeseries.png
2026-01-02 12:07:32,823 - INFO -   generating side-by-side heatmaps...
2026-01-02 12:07:35,530 - INFO -     saved: comparison_plots/1980/tp/tp_heatmap_comparison.png
2026-01-02 12:07:35,530 - INFO - completed processing for tp
2026-01-02 12:07:35,534 - INFO - completed year 1980
2026-01-02 12:07:35,569 - INFO - 
======================================================================
2026-01-02 12:07:35,570 - INFO - processing year 1981
2026-01-02 12:07:35,570 - INFO - ======================================================================
2026-01-02 12:07:36,460 - INFO - loaded era5: ../../../sduan/pipeline/data/processed/era5_1981.nc
2026-01-02 12:07:36,460 - INFO - loaded conus404: ../../final_data/conus404_yearly_1981.nc
2026-01-02 12:07:36,460 - INFO - processing: 2m Temperature (t2m vs T2)
2026-01-02 12:07:36,461 - INFO -   loading seasonal data...
